[debug] [2023-11-03T07:19:13.123Z] ----------------------------------------------------------------------
[debug] [2023-11-03T07:19:13.125Z] Command:       C:\Program Files\nodejs\node.exe C:\Users\luis\AppData\Roaming\npm\node_modules\firebase-tools\lib\bin\firebase.js init
[debug] [2023-11-03T07:19:13.125Z] CLI Version:   12.8.0
[debug] [2023-11-03T07:19:13.126Z] Platform:      win32
[debug] [2023-11-03T07:19:13.126Z] Node Version:  v18.12.1
[debug] [2023-11-03T07:19:13.126Z] Time:          Fri Nov 03 2023 15:19:13 GMT+0800 (Philippine Standard Time)
[debug] [2023-11-03T07:19:13.127Z] ----------------------------------------------------------------------
[debug] 
[debug] [2023-11-03T07:19:13.133Z] > command requires scopes: ["email","openid","https://www.googleapis.com/auth/cloudplatformprojects.readonly","https://www.googleapis.com/auth/firebase","https://www.googleapis.com/auth/cloud-platform"]
[debug] [2023-11-03T07:19:13.134Z] > authorizing via signed-in user (luismaverick23@gmail.com)
[info] 
     ######## #### ########  ######## ########     ###     ######  ########
     ##        ##  ##     ## ##       ##     ##  ##   ##  ##       ##
     ######    ##  ########  ######   ########  #########  ######  ######
     ##        ##  ##    ##  ##       ##     ## ##     ##       ## ##
     ##       #### ##     ## ######## ########  ##     ##  ######  ########

You're about to initialize a Firebase project in this directory:

  C:\Users\luis\Desktop\Programs\Portfolio-Website

[info] 
=== Project Setup
[info] 
[info] First, let's associate this project directory with a Firebase project.
[info] You can create multiple project aliases by running firebase use --add, 
[info] but for now we'll just set up a default project.
[info] 
[debug] [2023-11-03T07:19:17.551Z] >>> [apiv2][query] GET https://firebase.googleapis.com/v1beta1/projects pageSize=100
[debug] [2023-11-03T07:19:18.346Z] <<< [apiv2][status] GET https://firebase.googleapis.com/v1beta1/projects 200
[debug] [2023-11-03T07:19:18.346Z] <<< [apiv2][body] GET https://firebase.googleapis.com/v1beta1/projects [omitted]
[info] i  Using project marebik-aeefb (GABRIEL) 
[info] 
=== Hosting Setup
[info] 
[info] Your public directory is the folder (relative to your project directory) that
[info] will contain Hosting assets to be uploaded with firebase deploy. If you
[info] have a build process for your assets, use your build's output directory.
[info] 
[debug] [2023-11-03T07:19:47.809Z] >>> [apiv2][query] GET https://www.gstatic.com/firebasejs/releases.json [none]
[debug] [2023-11-03T07:19:48.127Z] <<< [apiv2][status] GET https://www.gstatic.com/firebasejs/releases.json 200
[debug] [2023-11-03T07:19:48.127Z] <<< [apiv2][body] GET https://www.gstatic.com/firebasejs/releases.json {"current":{"version":"10.5.2","browserURL":"https://www.gstatic.com/firebasejs/10.5.2/firebase.js","packageURL":"https://www.gstatic.com/firebasejs/10.5.2/firebase.tgz"},"live":{"version":"10.5","browserURL":"https://www.gstatic.com/firebasejs/live/10.5/firebase.js","packageURL":"https://www.gstatic.com/firebasejs/live/10.5/firebase.tgz"},"components":{"analytics":"https://www.gstatic.com/firebasejs/10.5.2/firebase-analytics.js","app":"https://www.gstatic.com/firebasejs/10.5.2/firebase-app.js","app-check":"https://www.gstatic.com/firebasejs/10.5.2/firebase-app-check.js","auth":"https://www.gstatic.com/firebasejs/10.5.2/firebase-auth.js","auth/cordova":"https://www.gstatic.com/firebasejs/10.5.2/firebase-auth/cordova.js","functions":"https://www.gstatic.com/firebasejs/10.5.2/firebase-functions.js","firestore":"https://www.gstatic.com/firebasejs/10.5.2/firebase-firestore.js","firestore/lite":"https://www.gstatic.com/firebasejs/10.5.2/firebase-firestore/lite.js","installations":"https://www.gstatic.com/firebasejs/10.5.2/firebase-installations.js","storage":"https://www.gstatic.com/firebasejs/10.5.2/firebase-storage.js","performance":"https://www.gstatic.com/firebasejs/10.5.2/firebase-performance.js","remote-config":"https://www.gstatic.com/firebasejs/10.5.2/firebase-remote-config.js","messaging":"https://www.gstatic.com/firebasejs/10.5.2/firebase-messaging.js","messaging/sw":"https://www.gstatic.com/firebasejs/10.5.2/firebase-messaging/sw.js","database":"https://www.gstatic.com/firebasejs/10.5.2/firebase-database.js","firestore.memory":"https://www.gstatic.com/firebasejs/10.5.2/firebase-firestore.memory.js"}}
[info] i  Skipping write of ./src/index.html 
[info] 
[info] i  Didn't detect a .git folder. Assuming C:\Users\luis\Desktop\Programs\Portfolio-Website is the project root. 
[info] i  Authorizing with GitHub to upload your service account to a GitHub repository's secrets store. 
[info] 
[info] Visit this URL on this device to log in:
[info] https://github.com/login/oauth/authorize?client_id=89cf50f02ac6aaed3484&state=12653828&redirect_uri=http%3A%2F%2Flocalhost%3A9005&scope=read%3Auser%20repo%20public_repo
[info] 
[info] Waiting for authentication...
[debug] [2023-11-03T07:19:56.160Z] >>> [apiv2][query] POST https://github.com/login/oauth/access_token [none]
[debug] [2023-11-03T07:19:56.160Z] >>> [apiv2][body] POST https://github.com/login/oauth/access_token [stream]
[debug] [2023-11-03T07:19:56.706Z] <<< [apiv2][status] POST https://github.com/login/oauth/access_token 200
[debug] [2023-11-03T07:19:56.706Z] <<< [apiv2][body] POST https://github.com/login/oauth/access_token {"access_token":"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","token_type":"bearer","scope":"read:user,repo"}
[debug] [2023-11-03T07:19:56.721Z] >>> [apiv2][query] GET https://api.github.com/user [none]
[debug] [2023-11-03T07:19:57.322Z] <<< [apiv2][status] GET https://api.github.com/user 200
[debug] [2023-11-03T07:19:57.323Z] <<< [apiv2][body] GET https://api.github.com/user {"login":"LuisMav23","id":92879010,"node_id":"U_kgDOBYk4og","avatar_url":"https://avatars.githubusercontent.com/u/92879010?v=4","gravatar_id":"","url":"https://api.github.com/users/LuisMav23","html_url":"https://github.com/LuisMav23","followers_url":"https://api.github.com/users/LuisMav23/followers","following_url":"https://api.github.com/users/LuisMav23/following{/other_user}","gists_url":"https://api.github.com/users/LuisMav23/gists{/gist_id}","starred_url":"https://api.github.com/users/LuisMav23/starred{/owner}{/repo}","subscriptions_url":"https://api.github.com/users/LuisMav23/subscriptions","organizations_url":"https://api.github.com/users/LuisMav23/orgs","repos_url":"https://api.github.com/users/LuisMav23/repos","events_url":"https://api.github.com/users/LuisMav23/events{/privacy}","received_events_url":"https://api.github.com/users/LuisMav23/received_events","type":"User","site_admin":false,"name":"Luis Maverick Gabriel","company":null,"blog":"","location":null,"email":null,"hireable":null,"bio":"An aspiring Software Engineer, Data Scientist, UI/UX Designer | Junior Data Officer of GDSC PLM | Vice President for Internal Affairs of ICpEP.se-PLM","twitter_username":null,"public_repos":21,"public_gists":0,"followers":1,"following":1,"created_at":"2021-10-20T16:31:18Z","updated_at":"2023-10-04T12:19:34Z","private_gists":1,"total_private_repos":4,"owned_private_repos":4,"disk_usage":615132,"collaborators":0,"two_factor_authentication":false,"plan":{"name":"pro","space":976562499,"collaborators":0,"private_repos":9999}}
[info] 
[info] +  Success! Logged into GitHub as LuisMav23 
[info] 
